# JRE version: OpenJDK Runtime Environment (8.0_91-b14) (build 1.8.0_91-8u91-b14-0ubuntu4~14.04-b14)
# Java VM: OpenJDK 64-Bit Server VM (25.91-b14 mixed mode linux-amd64 compressed oops)
Heap:
 PSYoungGen      total 110592K, used 5094K [0x00000000eab00000, 0x00000000f1e00000, 0x0000000100000000)
  eden space 105472K, 0% used [0x00000000eab00000,0x00000000eab00000,0x00000000f1200000)
  from space 5120K, 99% used [0x00000000f1400000,0x00000000f18f99f8,0x00000000f1900000)
  to   space 4096K, 0% used [0x00000000f1a00000,0x00000000f1a00000,0x00000000f1e00000)
 ParOldGen       total 156672K, used 27607K [0x00000000c0000000, 0x00000000c9900000, 0x00000000eab00000)
  object space 156672K, 17% used [0x00000000c0000000,0x00000000c1af5c18,0x00000000c9900000)
 Metaspace       used 4661K, capacity 5424K, committed 5632K, reserved 1056768K
  class space    used 474K, capacity 488K, committed 512K, reserved 1048576K
GC Heap History (10 events):
Event: 0.204 GC heap after
Heap after GC invocations=1 (full 0):
 PSYoungGen      total 36864K, used 5117K [0x00000000eab00000, 0x00000000ef300000, 0x0000000100000000)
  eden space 31744K, 0% used [0x00000000eab00000,0x00000000eab00000,0x00000000eca00000)
  from space 5120K, 99% used [0x00000000eca00000,0x00000000eceff638,0x00000000ecf00000)
  to   space 5120K, 0% used [0x00000000eee00000,0x00000000eee00000,0x00000000ef300000)
 ParOldGen       total 84992K, used 3802K [0x00000000c0000000, 0x00000000c5300000, 0x00000000eab00000)
  object space 84992K, 4% used [0x00000000c0000000,0x00000000c03b6b00,0x00000000c5300000)
 Metaspace       used 3449K, capacity 4720K, committed 4864K, reserved 1056768K
  class space    used 359K, capacity 424K, committed 512K, reserved 1048576K
}
Event: 0.305 GC heap before
{Heap before GC invocations=2 (full 0):
 PSYoungGen      total 36864K, used 36861K [0x00000000eab00000, 0x00000000ef300000, 0x0000000100000000)
  eden space 31744K, 100% used [0x00000000eab00000,0x00000000eca00000,0x00000000eca00000)
  from space 5120K, 99% used [0x00000000eca00000,0x00000000eceff638,0x00000000ecf00000)
  to   space 5120K, 0% used [0x00000000eee00000,0x00000000eee00000,0x00000000ef300000)
 ParOldGen       total 84992K, used 3802K [0x00000000c0000000, 0x00000000c5300000, 0x00000000eab00000)
  object space 84992K, 4% used [0x00000000c0000000,0x00000000c03b6b00,0x00000000c5300000)
 Metaspace       used 3740K, capacity 4944K, committed 5120K, reserved 1056768K
  class space    used 388K, capacity 456K, committed 512K, reserved 1048576K
Event: 0.324 GC heap after
Heap after GC invocations=2 (full 0):
 PSYoungGen      total 68608K, used 5102K [0x00000000eab00000, 0x00000000ef300000, 0x0000000100000000)
  eden space 63488K, 0% used [0x00000000eab00000,0x00000000eab00000,0x00000000ee900000)
  from space 5120K, 99% used [0x00000000eee00000,0x00000000ef2fb848,0x00000000ef300000)
  to   space 5120K, 0% used [0x00000000ee900000,0x00000000ee900000,0x00000000eee00000)
 ParOldGen       total 84992K, used 83151K [0x00000000c0000000, 0x00000000c5300000, 0x00000000eab00000)
  object space 84992K, 97% used [0x00000000c0000000,0x00000000c5133e78,0x00000000c5300000)
 Metaspace       used 3740K, capacity 4944K, committed 5120K, reserved 1056768K
  class space    used 388K, capacity 456K, committed 512K, reserved 1048576K
}
Event: 0.324 GC heap before
{Heap before GC invocations=3 (full 1):
 PSYoungGen      total 68608K, used 5102K [0x00000000eab00000, 0x00000000ef300000, 0x0000000100000000)
  eden space 63488K, 0% used [0x00000000eab00000,0x00000000eab00000,0x00000000ee900000)
  from space 5120K, 99% used [0x00000000eee00000,0x00000000ef2fb848,0x00000000ef300000)
  to   space 5120K, 0% used [0x00000000ee900000,0x00000000ee900000,0x00000000eee00000)
 ParOldGen       total 84992K, used 83151K [0x00000000c0000000, 0x00000000c5300000, 0x00000000eab00000)
  object space 84992K, 97% used [0x00000000c0000000,0x00000000c5133e78,0x00000000c5300000)
 Metaspace       used 3740K, capacity 4944K, committed 5120K, reserved 1056768K
  class space    used 388K, capacity 456K, committed 512K, reserved 1048576K
Event: 0.334 GC heap after
Heap after GC invocations=3 (full 1):
 PSYoungGen      total 68608K, used 0K [0x00000000eab00000, 0x00000000ef300000, 0x0000000100000000)
  eden space 63488K, 0% used [0x00000000eab00000,0x00000000eab00000,0x00000000ee900000)
  from space 5120K, 0% used [0x00000000eee00000,0x00000000eee00000,0x00000000ef300000)
  to   space 5120K, 0% used [0x00000000ee900000,0x00000000ee900000,0x00000000eee00000)
 ParOldGen       total 156672K, used 18581K [0x00000000c0000000, 0x00000000c9900000, 0x00000000eab00000)
  object space 156672K, 11% used [0x00000000c0000000,0x00000000c12256e8,0x00000000c9900000)
 Metaspace       used 3740K, capacity 4944K, committed 5120K, reserved 1056768K
  class space    used 388K, capacity 456K, committed 512K, reserved 1048576K
}
Event: 0.661 GC heap before
{Heap before GC invocations=4 (full 1):
 PSYoungGen      total 68608K, used 63488K [0x00000000eab00000, 0x00000000ef300000, 0x0000000100000000)
  eden space 63488K, 100% used [0x00000000eab00000,0x00000000ee900000,0x00000000ee900000)
  from space 5120K, 0% used [0x00000000eee00000,0x00000000eee00000,0x00000000ef300000)
  to   space 5120K, 0% used [0x00000000ee900000,0x00000000ee900000,0x00000000eee00000)
 ParOldGen       total 156672K, used 18581K [0x00000000c0000000, 0x00000000c9900000, 0x00000000eab00000)
  object space 156672K, 11% used [0x00000000c0000000,0x00000000c12256e8,0x00000000c9900000)
 Metaspace       used 4306K, capacity 5424K, committed 5632K, reserved 1056768K
  class space    used 441K, capacity 488K, committed 512K, reserved 1048576K
Event: 0.665 GC heap after
Heap after GC invocations=4 (full 1):
 PSYoungGen      total 68608K, used 4179K [0x00000000eab00000, 0x00000000f1f00000, 0x0000000100000000)
  eden space 63488K, 0% used [0x00000000eab00000,0x00000000eab00000,0x00000000ee900000)
  from space 5120K, 81% used [0x00000000ee900000,0x00000000eed14dc0,0x00000000eee00000)
  to   space 5120K, 0% used [0x00000000f1a00000,0x00000000f1a00000,0x00000000f1f00000)
 ParOldGen       total 156672K, used 18845K [0x00000000c0000000, 0x00000000c9900000, 0x00000000eab00000)
  object space 156672K, 12% used [0x00000000c0000000,0x00000000c1267700,0x00000000c9900000)
 Metaspace       used 4306K, capacity 5424K, committed 5632K, reserved 1056768K
  class space    used 441K, capacity 488K, committed 512K, reserved 1048576K
}
Event: 0.817 GC heap before
{Heap before GC invocations=5 (full 1):
 PSYoungGen      total 68608K, used 67667K [0x00000000eab00000, 0x00000000f1f00000, 0x0000000100000000)
  eden space 63488K, 100% used [0x00000000eab00000,0x00000000ee900000,0x00000000ee900000)
  from space 5120K, 81% used [0x00000000ee900000,0x00000000eed14dc0,0x00000000eee00000)
  to   space 5120K, 0% used [0x00000000f1a00000,0x00000000f1a00000,0x00000000f1f00000)
 ParOldGen       total 156672K, used 18845K [0x00000000c0000000, 0x00000000c9900000, 0x00000000eab00000)
  object space 156672K, 12% used [0x00000000c0000000,0x00000000c1267700,0x00000000c9900000)
 Metaspace       used 4329K, capacity 5424K, committed 5632K, reserved 1056768K
  class space    used 441K, capacity 488K, committed 512K, reserved 1048576K
Event: 0.819 GC heap after
Heap after GC invocations=5 (full 1):
 PSYoungGen      total 109568K, used 3678K [0x00000000eab00000, 0x00000000f1e00000, 0x0000000100000000)
  eden space 105472K, 0% used [0x00000000eab00000,0x00000000eab00000,0x00000000f1200000)
  from space 4096K, 89% used [0x00000000f1a00000,0x00000000f1d97990,0x00000000f1e00000)
  to   space 5120K, 0% used [0x00000000f1400000,0x00000000f1400000,0x00000000f1900000)
 ParOldGen       total 156672K, used 18845K [0x00000000c0000000, 0x00000000c9900000, 0x00000000eab00000)
  object space 156672K, 12% used [0x00000000c0000000,0x00000000c1267700,0x00000000c9900000)
 Metaspace       used 4329K, capacity 5424K, committed 5632K, reserved 1056768K
  class space    used 441K, capacity 488K, committed 512K, reserved 1048576K
}
Event: 1.206 GC heap before
{Heap before GC invocations=6 (full 1):
 PSYoungGen      total 109568K, used 109150K [0x00000000eab00000, 0x00000000f1e00000, 0x0000000100000000)
  eden space 105472K, 100% used [0x00000000eab00000,0x00000000f1200000,0x00000000f1200000)
  from space 4096K, 89% used [0x00000000f1a00000,0x00000000f1d97990,0x00000000f1e00000)
  to   space 5120K, 0% used [0x00000000f1400000,0x00000000f1400000,0x00000000f1900000)
 ParOldGen       total 156672K, used 18845K [0x00000000c0000000, 0x00000000c9900000, 0x00000000eab00000)
  object space 156672K, 12% used [0x00000000c0000000,0x00000000c1267700,0x00000000c9900000)
 Metaspace       used 4661K, capacity 5424K, committed 5632K, reserved 1056768K
  class space    used 474K, capacity 488K, committed 512K, reserved 1048576K

