# JRE version: OpenJDK Runtime Environment (8.0_91-b14) (build 1.8.0_91-8u91-b14-0ubuntu4~14.04-b14)
# Java VM: OpenJDK 64-Bit Server VM (25.91-b14 mixed mode linux-amd64 compressed oops)
Heap:
 PSYoungGen      total 121344K, used 5088K [0x00000000eab00000, 0x00000000f2780000, 0x0000000100000000)
  eden space 116224K, 0% used [0x00000000eab00000,0x00000000eab00000,0x00000000f1c80000)
  from space 5120K, 99% used [0x00000000f1d80000,0x00000000f2278058,0x00000000f2280000)
  to   space 4608K, 0% used [0x00000000f2300000,0x00000000f2300000,0x00000000f2780000)
 ParOldGen       total 140288K, used 64046K [0x00000000c0000000, 0x00000000c8900000, 0x00000000eab00000)
  object space 140288K, 45% used [0x00000000c0000000,0x00000000c3e8bb60,0x00000000c8900000)
 Metaspace       used 4656K, capacity 5424K, committed 5632K, reserved 1056768K
  class space    used 474K, capacity 488K, committed 512K, reserved 1048576K
GC Heap History (10 events):
Event: 0.223 GC heap after
Heap after GC invocations=1 (full 0):
 PSYoungGen      total 36864K, used 5093K [0x00000000eab00000, 0x00000000ef300000, 0x0000000100000000)
  eden space 31744K, 0% used [0x00000000eab00000,0x00000000eab00000,0x00000000eca00000)
  from space 5120K, 99% used [0x00000000eca00000,0x00000000ecef9638,0x00000000ecf00000)
  to   space 5120K, 0% used [0x00000000eee00000,0x00000000eee00000,0x00000000ef300000)
 ParOldGen       total 84992K, used 3864K [0x00000000c0000000, 0x00000000c5300000, 0x00000000eab00000)
  object space 84992K, 4% used [0x00000000c0000000,0x00000000c03c6098,0x00000000c5300000)
 Metaspace       used 3446K, capacity 4720K, committed 4864K, reserved 1056768K
  class space    used 359K, capacity 424K, committed 512K, reserved 1048576K
}
Event: 0.347 GC heap before
{Heap before GC invocations=2 (full 0):
 PSYoungGen      total 36864K, used 36837K [0x00000000eab00000, 0x00000000ef300000, 0x0000000100000000)
  eden space 31744K, 100% used [0x00000000eab00000,0x00000000eca00000,0x00000000eca00000)
  from space 5120K, 99% used [0x00000000eca00000,0x00000000ecef9638,0x00000000ecf00000)
  to   space 5120K, 0% used [0x00000000eee00000,0x00000000eee00000,0x00000000ef300000)
 ParOldGen       total 84992K, used 3864K [0x00000000c0000000, 0x00000000c5300000, 0x00000000eab00000)
  object space 84992K, 4% used [0x00000000c0000000,0x00000000c03c6098,0x00000000c5300000)
 Metaspace       used 3737K, capacity 4944K, committed 5120K, reserved 1056768K
  class space    used 388K, capacity 456K, committed 512K, reserved 1048576K
Event: 0.401 GC heap after
Heap after GC invocations=2 (full 0):
 PSYoungGen      total 68608K, used 5112K [0x00000000eab00000, 0x00000000ef300000, 0x0000000100000000)
  eden space 63488K, 0% used [0x00000000eab00000,0x00000000eab00000,0x00000000ee900000)
  from space 5120K, 99% used [0x00000000eee00000,0x00000000ef2fe1e8,0x00000000ef300000)
  to   space 5120K, 0% used [0x00000000ee900000,0x00000000ee900000,0x00000000eee00000)
 ParOldGen       total 84992K, used 73543K [0x00000000c0000000, 0x00000000c5300000, 0x00000000eab00000)
  object space 84992K, 86% used [0x00000000c0000000,0x00000000c47d1c60,0x00000000c5300000)
 Metaspace       used 3737K, capacity 4944K, committed 5120K, reserved 1056768K
  class space    used 388K, capacity 456K, committed 512K, reserved 1048576K
}
Event: 0.401 GC heap before
{Heap before GC invocations=3 (full 1):
 PSYoungGen      total 68608K, used 5112K [0x00000000eab00000, 0x00000000ef300000, 0x0000000100000000)
  eden space 63488K, 0% used [0x00000000eab00000,0x00000000eab00000,0x00000000ee900000)
  from space 5120K, 99% used [0x00000000eee00000,0x00000000ef2fe1e8,0x00000000ef300000)
  to   space 5120K, 0% used [0x00000000ee900000,0x00000000ee900000,0x00000000eee00000)
 ParOldGen       total 84992K, used 73543K [0x00000000c0000000, 0x00000000c5300000, 0x00000000eab00000)
  object space 84992K, 86% used [0x00000000c0000000,0x00000000c47d1c60,0x00000000c5300000)
 Metaspace       used 3737K, capacity 4944K, committed 5120K, reserved 1056768K
  class space    used 388K, capacity 456K, committed 512K, reserved 1048576K
Event: 0.410 GC heap after
Heap after GC invocations=3 (full 1):
 PSYoungGen      total 68608K, used 0K [0x00000000eab00000, 0x00000000ef300000, 0x0000000100000000)
  eden space 63488K, 0% used [0x00000000eab00000,0x00000000eab00000,0x00000000ee900000)
  from space 5120K, 0% used [0x00000000eee00000,0x00000000eee00000,0x00000000ef300000)
  to   space 5120K, 0% used [0x00000000ee900000,0x00000000ee900000,0x00000000eee00000)
 ParOldGen       total 140288K, used 18571K [0x00000000c0000000, 0x00000000c8900000, 0x00000000eab00000)
  object space 140288K, 13% used [0x00000000c0000000,0x00000000c1222ea0,0x00000000c8900000)
 Metaspace       used 3737K, capacity 4944K, committed 5120K, reserved 1056768K
  class space    used 388K, capacity 456K, committed 512K, reserved 1048576K
}
Event: 0.695 GC heap before
{Heap before GC invocations=4 (full 1):
 PSYoungGen      total 68608K, used 63488K [0x00000000eab00000, 0x00000000ef300000, 0x0000000100000000)
  eden space 63488K, 100% used [0x00000000eab00000,0x00000000ee900000,0x00000000ee900000)
  from space 5120K, 0% used [0x00000000eee00000,0x00000000eee00000,0x00000000ef300000)
  to   space 5120K, 0% used [0x00000000ee900000,0x00000000ee900000,0x00000000eee00000)
 ParOldGen       total 140288K, used 18571K [0x00000000c0000000, 0x00000000c8900000, 0x00000000eab00000)
  object space 140288K, 13% used [0x00000000c0000000,0x00000000c1222ea0,0x00000000c8900000)
 Metaspace       used 4300K, capacity 5424K, committed 5632K, reserved 1056768K
  class space    used 440K, capacity 488K, committed 512K, reserved 1048576K
Event: 0.700 GC heap after
Heap after GC invocations=4 (full 1):
 PSYoungGen      total 68608K, used 4147K [0x00000000eab00000, 0x00000000f2800000, 0x0000000100000000)
  eden space 63488K, 0% used [0x00000000eab00000,0x00000000eab00000,0x00000000ee900000)
  from space 5120K, 81% used [0x00000000ee900000,0x00000000eed0cdb8,0x00000000eee00000)
  to   space 5120K, 0% used [0x00000000f2300000,0x00000000f2300000,0x00000000f2800000)
 ParOldGen       total 140288K, used 18571K [0x00000000c0000000, 0x00000000c8900000, 0x00000000eab00000)
  object space 140288K, 13% used [0x00000000c0000000,0x00000000c1222ea0,0x00000000c8900000)
 Metaspace       used 4300K, capacity 5424K, committed 5632K, reserved 1056768K
  class space    used 440K, capacity 488K, committed 512K, reserved 1048576K
}
Event: 0.826 GC heap before
{Heap before GC invocations=5 (full 1):
 PSYoungGen      total 68608K, used 67635K [0x00000000eab00000, 0x00000000f2800000, 0x0000000100000000)
  eden space 63488K, 100% used [0x00000000eab00000,0x00000000ee900000,0x00000000ee900000)
  from space 5120K, 81% used [0x00000000ee900000,0x00000000eed0cdb8,0x00000000eee00000)
  to   space 5120K, 0% used [0x00000000f2300000,0x00000000f2300000,0x00000000f2800000)
 ParOldGen       total 140288K, used 18571K [0x00000000c0000000, 0x00000000c8900000, 0x00000000eab00000)
  object space 140288K, 13% used [0x00000000c0000000,0x00000000c1222ea0,0x00000000c8900000)
 Metaspace       used 4320K, capacity 5424K, committed 5632K, reserved 1056768K
  class space    used 441K, capacity 488K, committed 512K, reserved 1048576K
Event: 0.829 GC heap after
Heap after GC invocations=5 (full 1):
 PSYoungGen      total 120832K, used 4222K [0x00000000eab00000, 0x00000000f2780000, 0x0000000100000000)
  eden space 116224K, 0% used [0x00000000eab00000,0x00000000eab00000,0x00000000f1c80000)
  from space 4608K, 91% used [0x00000000f2300000,0x00000000f271f9b8,0x00000000f2780000)
  to   space 5120K, 0% used [0x00000000f1d80000,0x00000000f1d80000,0x00000000f2280000)
 ParOldGen       total 140288K, used 18579K [0x00000000c0000000, 0x00000000c8900000, 0x00000000eab00000)
  object space 140288K, 13% used [0x00000000c0000000,0x00000000c1224ea0,0x00000000c8900000)
 Metaspace       used 4320K, capacity 5424K, committed 5632K, reserved 1056768K
  class space    used 441K, capacity 488K, committed 512K, reserved 1048576K
}
Event: 2.385 GC heap before
{Heap before GC invocations=6 (full 1):
 PSYoungGen      total 120832K, used 120446K [0x00000000eab00000, 0x00000000f2780000, 0x0000000100000000)
  eden space 116224K, 100% used [0x00000000eab00000,0x00000000f1c80000,0x00000000f1c80000)
  from space 4608K, 91% used [0x00000000f2300000,0x00000000f271f9b8,0x00000000f2780000)
  to   space 5120K, 0% used [0x00000000f1d80000,0x00000000f1d80000,0x00000000f2280000)
 ParOldGen       total 140288K, used 18579K [0x00000000c0000000, 0x00000000c8900000, 0x00000000eab00000)
  object space 140288K, 13% used [0x00000000c0000000,0x00000000c1224ea0,0x00000000c8900000)
 Metaspace       used 4656K, capacity 5424K, committed 5632K, reserved 1056768K
  class space    used 474K, capacity 488K, committed 512K, reserved 1048576K

