# JRE version: OpenJDK Runtime Environment (8.0_91-b14) (build 1.8.0_91-8u91-b14-0ubuntu4~14.04-b14)
# Java VM: OpenJDK 64-Bit Server VM (25.91-b14 mixed mode linux-amd64 compressed oops)
Heap:
 PSYoungGen      total 271360K, used 57210K [0x00000000eab00000, 0x0000000100000000, 0x0000000100000000)
  eden space 197632K, 0% used [0x00000000eab00000,0x00000000eab00000,0x00000000f6c00000)
  from space 73728K, 77% used [0x00000000f6c00000,0x00000000fa3dea08,0x00000000fb400000)
  to   space 77824K, 0% used [0x00000000fb400000,0x00000000fb400000,0x0000000100000000)
 ParOldGen       total 167424K, used 167216K [0x00000000c0000000, 0x00000000ca380000, 0x00000000eab00000)
  object space 167424K, 99% used [0x00000000c0000000,0x00000000ca34c110,0x00000000ca380000)
 Metaspace       used 6217K, capacity 7152K, committed 7296K, reserved 1056768K
  class space    used 589K, capacity 616K, committed 640K, reserved 1048576K
GC Heap History (10 events):
Event: 5.752 GC heap after
Heap after GC invocations=4 (full 0):
 PSYoungGen      total 132096K, used 5088K [0x00000000eab00000, 0x00000000f3100000, 0x0000000100000000)
  eden space 126976K, 0% used [0x00000000eab00000,0x00000000eab00000,0x00000000f2700000)
  from space 5120K, 99% used [0x00000000f2c00000,0x00000000f30f8010,0x00000000f3100000)
  to   space 5120K, 0% used [0x00000000f2700000,0x00000000f2700000,0x00000000f2c00000)
 ParOldGen       total 84992K, used 20101K [0x00000000c0000000, 0x00000000c5300000, 0x00000000eab00000)
  object space 84992K, 23% used [0x00000000c0000000,0x00000000c13a1508,0x00000000c5300000)
 Metaspace       used 6100K, capacity 7088K, committed 7296K, reserved 1056768K
  class space    used 587K, capacity 616K, committed 640K, reserved 1048576K
}
Event: 13.643 GC heap before
{Heap before GC invocations=5 (full 0):
 PSYoungGen      total 132096K, used 132064K [0x00000000eab00000, 0x00000000f3100000, 0x0000000100000000)
  eden space 126976K, 100% used [0x00000000eab00000,0x00000000f2700000,0x00000000f2700000)
  from space 5120K, 99% used [0x00000000f2c00000,0x00000000f30f8010,0x00000000f3100000)
  to   space 5120K, 0% used [0x00000000f2700000,0x00000000f2700000,0x00000000f2c00000)
 ParOldGen       total 84992K, used 20101K [0x00000000c0000000, 0x00000000c5300000, 0x00000000eab00000)
  object space 84992K, 23% used [0x00000000c0000000,0x00000000c13a1508,0x00000000c5300000)
 Metaspace       used 6206K, capacity 7088K, committed 7296K, reserved 1056768K
  class space    used 587K, capacity 616K, committed 640K, reserved 1048576K
Event: 13.855 GC heap after
Heap after GC invocations=5 (full 0):
 PSYoungGen      total 132096K, used 5102K [0x00000000eab00000, 0x00000000ffc00000, 0x0000000100000000)
  eden space 126976K, 0% used [0x00000000eab00000,0x00000000eab00000,0x00000000f2700000)
  from space 5120K, 99% used [0x00000000f2700000,0x00000000f2bfbaa8,0x00000000f2c00000)
  to   space 45568K, 0% used [0x00000000fcf80000,0x00000000fcf80000,0x00000000ffc00000)
 ParOldGen       total 84992K, used 66029K [0x00000000c0000000, 0x00000000c5300000, 0x00000000eab00000)
  object space 84992K, 77% used [0x00000000c0000000,0x00000000c407b7f0,0x00000000c5300000)
 Metaspace       used 6206K, capacity 7088K, committed 7296K, reserved 1056768K
  class space    used 587K, capacity 616K, committed 640K, reserved 1048576K
}
Event: 13.855 GC heap before
{Heap before GC invocations=6 (full 1):
 PSYoungGen      total 132096K, used 5102K [0x00000000eab00000, 0x00000000ffc00000, 0x0000000100000000)
  eden space 126976K, 0% used [0x00000000eab00000,0x00000000eab00000,0x00000000f2700000)
  from space 5120K, 99% used [0x00000000f2700000,0x00000000f2bfbaa8,0x00000000f2c00000)
  to   space 45568K, 0% used [0x00000000fcf80000,0x00000000fcf80000,0x00000000ffc00000)
 ParOldGen       total 84992K, used 66029K [0x00000000c0000000, 0x00000000c5300000, 0x00000000eab00000)
  object space 84992K, 77% used [0x00000000c0000000,0x00000000c407b7f0,0x00000000c5300000)
 Metaspace       used 6206K, capacity 7088K, committed 7296K, reserved 1056768K
  class space    used 587K, capacity 616K, committed 640K, reserved 1048576K
Event: 15.503 GC heap after
Heap after GC invocations=6 (full 1):
 PSYoungGen      total 132096K, used 0K [0x00000000eab00000, 0x00000000ffc00000, 0x0000000100000000)
  eden space 126976K, 0% used [0x00000000eab00000,0x00000000eab00000,0x00000000f2700000)
  from space 5120K, 0% used [0x00000000f2700000,0x00000000f2700000,0x00000000f2c00000)
  to   space 45568K, 0% used [0x00000000fcf80000,0x00000000fcf80000,0x00000000ffc00000)
 ParOldGen       total 162304K, used 68476K [0x00000000c0000000, 0x00000000c9e80000, 0x00000000eab00000)
  object space 162304K, 42% used [0x00000000c0000000,0x00000000c42df0c8,0x00000000c9e80000)
 Metaspace       used 6206K, capacity 7088K, committed 7296K, reserved 1056768K
  class space    used 587K, capacity 616K, committed 640K, reserved 1048576K
}
Event: 16.119 GC heap before
{Heap before GC invocations=7 (full 1):
 PSYoungGen      total 132096K, used 126976K [0x00000000eab00000, 0x00000000ffc00000, 0x0000000100000000)
  eden space 126976K, 100% used [0x00000000eab00000,0x00000000f2700000,0x00000000f2700000)
  from space 5120K, 0% used [0x00000000f2700000,0x00000000f2700000,0x00000000f2c00000)
  to   space 45568K, 0% used [0x00000000fcf80000,0x00000000fcf80000,0x00000000ffc00000)
 ParOldGen       total 162304K, used 68476K [0x00000000c0000000, 0x00000000c9e80000, 0x00000000eab00000)
  object space 162304K, 42% used [0x00000000c0000000,0x00000000c42df0c8,0x00000000c9e80000)
 Metaspace       used 6217K, capacity 7152K, committed 7296K, reserved 1056768K
  class space    used 589K, capacity 616K, committed 640K, reserved 1048576K
Event: 16.384 GC heap after
Heap after GC invocations=7 (full 1):
 PSYoungGen      total 219136K, used 45546K [0x00000000eab00000, 0x00000000ffc00000, 0x0000000100000000)
  eden space 173568K, 0% used [0x00000000eab00000,0x00000000eab00000,0x00000000f5480000)
  from space 45568K, 99% used [0x00000000fcf80000,0x00000000ffbfa848,0x00000000ffc00000)
  to   space 73728K, 0% used [0x00000000f6c00000,0x00000000f6c00000,0x00000000fb400000)
 ParOldGen       total 162304K, used 98860K [0x00000000c0000000, 0x00000000c9e80000, 0x00000000eab00000)
  object space 162304K, 60% used [0x00000000c0000000,0x00000000c608b0c8,0x00000000c9e80000)
 Metaspace       used 6217K, capacity 7152K, committed 7296K, reserved 1056768K
  class space    used 589K, capacity 616K, committed 640K, reserved 1048576K
}
Event: 16.680 GC heap before
{Heap before GC invocations=8 (full 1):
 PSYoungGen      total 219136K, used 219114K [0x00000000eab00000, 0x00000000ffc00000, 0x0000000100000000)
  eden space 173568K, 100% used [0x00000000eab00000,0x00000000f5480000,0x00000000f5480000)
  from space 45568K, 99% used [0x00000000fcf80000,0x00000000ffbfa848,0x00000000ffc00000)
  to   space 73728K, 0% used [0x00000000f6c00000,0x00000000f6c00000,0x00000000fb400000)
 ParOldGen       total 162304K, used 98860K [0x00000000c0000000, 0x00000000c9e80000, 0x00000000eab00000)
  object space 162304K, 60% used [0x00000000c0000000,0x00000000c608b0c8,0x00000000c9e80000)
 Metaspace       used 6217K, capacity 7152K, committed 7296K, reserved 1056768K
  class space    used 589K, capacity 616K, committed 640K, reserved 1048576K
Event: 16.852 GC heap after
Heap after GC invocations=8 (full 1):
 PSYoungGen      total 271360K, used 73712K [0x00000000eab00000, 0x0000000100000000, 0x0000000100000000)
  eden space 197632K, 0% used [0x00000000eab00000,0x00000000eab00000,0x00000000f6c00000)
  from space 73728K, 99% used [0x00000000f6c00000,0x00000000fb3fc140,0x00000000fb400000)
  to   space 77824K, 0% used [0x00000000fb400000,0x00000000fb400000,0x0000000100000000)
 ParOldGen       total 167424K, used 165259K [0x00000000c0000000, 0x00000000ca380000, 0x00000000eab00000)
  object space 167424K, 98% used [0x00000000c0000000,0x00000000ca162c70,0x00000000ca380000)
 Metaspace       used 6217K, capacity 7152K, committed 7296K, reserved 1056768K
  class space    used 589K, capacity 616K, committed 640K, reserved 1048576K
}
Event: 16.852 GC heap before
{Heap before GC invocations=9 (full 2):
 PSYoungGen      total 271360K, used 73712K [0x00000000eab00000, 0x0000000100000000, 0x0000000100000000)
  eden space 197632K, 0% used [0x00000000eab00000,0x00000000eab00000,0x00000000f6c00000)
  from space 73728K, 99% used [0x00000000f6c00000,0x00000000fb3fc140,0x00000000fb400000)
  to   space 77824K, 0% used [0x00000000fb400000,0x00000000fb400000,0x0000000100000000)
 ParOldGen       total 167424K, used 165259K [0x00000000c0000000, 0x00000000ca380000, 0x00000000eab00000)
  object space 167424K, 98% used [0x00000000c0000000,0x00000000ca162c70,0x00000000ca380000)
 Metaspace       used 6217K, capacity 7152K, committed 7296K, reserved 1056768K
  class space    used 589K, capacity 616K, committed 640K, reserved 1048576K

