# JRE version: OpenJDK Runtime Environment (8.0_91-b14) (build 1.8.0_91-8u91-b14-0ubuntu4~14.04-b14)
# Java VM: OpenJDK 64-Bit Server VM (25.91-b14 mixed mode linux-amd64 compressed oops)
Heap:
 PSYoungGen      total 124928K, used 5096K [0x00000000eab00000, 0x00000000f2a00000, 0x0000000100000000)
  eden space 119808K, 0% used [0x00000000eab00000,0x00000000eab00000,0x00000000f2000000)
  from space 5120K, 99% used [0x00000000f2000000,0x00000000f24fa0c0,0x00000000f2500000)
  to   space 4096K, 0% used [0x00000000f2600000,0x00000000f2600000,0x00000000f2a00000)
 ParOldGen       total 153088K, used 29159K [0x00000000c0000000, 0x00000000c9580000, 0x00000000eab00000)
  object space 153088K, 19% used [0x00000000c0000000,0x00000000c1c79cb0,0x00000000c9580000)
 Metaspace       used 4657K, capacity 5424K, committed 5632K, reserved 1056768K
  class space    used 474K, capacity 488K, committed 512K, reserved 1048576K
GC Heap History (10 events):
Event: 0.162 GC heap after
Heap after GC invocations=1 (full 0):
 PSYoungGen      total 36864K, used 5106K [0x00000000eab00000, 0x00000000ef300000, 0x0000000100000000)
  eden space 31744K, 0% used [0x00000000eab00000,0x00000000eab00000,0x00000000eca00000)
  from space 5120K, 99% used [0x00000000eca00000,0x00000000ecefcb48,0x00000000ecf00000)
  to   space 5120K, 0% used [0x00000000eee00000,0x00000000eee00000,0x00000000ef300000)
 ParOldGen       total 84992K, used 3773K [0x00000000c0000000, 0x00000000c5300000, 0x00000000eab00000)
  object space 84992K, 4% used [0x00000000c0000000,0x00000000c03af5e0,0x00000000c5300000)
 Metaspace       used 3445K, capacity 4720K, committed 4864K, reserved 1056768K
  class space    used 359K, capacity 424K, committed 512K, reserved 1048576K
}
Event: 0.253 GC heap before
{Heap before GC invocations=2 (full 0):
 PSYoungGen      total 36864K, used 36850K [0x00000000eab00000, 0x00000000ef300000, 0x0000000100000000)
  eden space 31744K, 100% used [0x00000000eab00000,0x00000000eca00000,0x00000000eca00000)
  from space 5120K, 99% used [0x00000000eca00000,0x00000000ecefcb48,0x00000000ecf00000)
  to   space 5120K, 0% used [0x00000000eee00000,0x00000000eee00000,0x00000000ef300000)
 ParOldGen       total 84992K, used 3773K [0x00000000c0000000, 0x00000000c5300000, 0x00000000eab00000)
  object space 84992K, 4% used [0x00000000c0000000,0x00000000c03af5e0,0x00000000c5300000)
 Metaspace       used 3737K, capacity 4944K, committed 5120K, reserved 1056768K
  class space    used 388K, capacity 456K, committed 512K, reserved 1048576K
Event: 0.271 GC heap after
Heap after GC invocations=2 (full 0):
 PSYoungGen      total 68608K, used 5113K [0x00000000eab00000, 0x00000000ef300000, 0x0000000100000000)
  eden space 63488K, 0% used [0x00000000eab00000,0x00000000eab00000,0x00000000ee900000)
  from space 5120K, 99% used [0x00000000eee00000,0x00000000ef2fe4b8,0x00000000ef300000)
  to   space 5120K, 0% used [0x00000000ee900000,0x00000000ee900000,0x00000000eee00000)
 ParOldGen       total 84992K, used 81777K [0x00000000c0000000, 0x00000000c5300000, 0x00000000eab00000)
  object space 84992K, 96% used [0x00000000c0000000,0x00000000c4fdc470,0x00000000c5300000)
 Metaspace       used 3737K, capacity 4944K, committed 5120K, reserved 1056768K
  class space    used 388K, capacity 456K, committed 512K, reserved 1048576K
}
Event: 0.271 GC heap before
{Heap before GC invocations=3 (full 1):
 PSYoungGen      total 68608K, used 5113K [0x00000000eab00000, 0x00000000ef300000, 0x0000000100000000)
  eden space 63488K, 0% used [0x00000000eab00000,0x00000000eab00000,0x00000000ee900000)
  from space 5120K, 99% used [0x00000000eee00000,0x00000000ef2fe4b8,0x00000000ef300000)
  to   space 5120K, 0% used [0x00000000ee900000,0x00000000ee900000,0x00000000eee00000)
 ParOldGen       total 84992K, used 81777K [0x00000000c0000000, 0x00000000c5300000, 0x00000000eab00000)
  object space 84992K, 96% used [0x00000000c0000000,0x00000000c4fdc470,0x00000000c5300000)
 Metaspace       used 3737K, capacity 4944K, committed 5120K, reserved 1056768K
  class space    used 388K, capacity 456K, committed 512K, reserved 1048576K
Event: 0.277 GC heap after
Heap after GC invocations=3 (full 1):
 PSYoungGen      total 68608K, used 0K [0x00000000eab00000, 0x00000000ef300000, 0x0000000100000000)
  eden space 63488K, 0% used [0x00000000eab00000,0x00000000eab00000,0x00000000ee900000)
  from space 5120K, 0% used [0x00000000eee00000,0x00000000eee00000,0x00000000ef300000)
  to   space 5120K, 0% used [0x00000000ee900000,0x00000000ee900000,0x00000000eee00000)
 ParOldGen       total 153088K, used 19482K [0x00000000c0000000, 0x00000000c9580000, 0x00000000eab00000)
  object space 153088K, 12% used [0x00000000c0000000,0x00000000c1306aa0,0x00000000c9580000)
 Metaspace       used 3737K, capacity 4944K, committed 5120K, reserved 1056768K
  class space    used 388K, capacity 456K, committed 512K, reserved 1048576K
}
Event: 0.632 GC heap before
{Heap before GC invocations=4 (full 1):
 PSYoungGen      total 68608K, used 63488K [0x00000000eab00000, 0x00000000ef300000, 0x0000000100000000)
  eden space 63488K, 100% used [0x00000000eab00000,0x00000000ee900000,0x00000000ee900000)
  from space 5120K, 0% used [0x00000000eee00000,0x00000000eee00000,0x00000000ef300000)
  to   space 5120K, 0% used [0x00000000ee900000,0x00000000ee900000,0x00000000eee00000)
 ParOldGen       total 153088K, used 19482K [0x00000000c0000000, 0x00000000c9580000, 0x00000000eab00000)
  object space 153088K, 12% used [0x00000000c0000000,0x00000000c1306aa0,0x00000000c9580000)
 Metaspace       used 4306K, capacity 5424K, committed 5632K, reserved 1056768K
  class space    used 440K, capacity 488K, committed 512K, reserved 1048576K
Event: 0.805 GC heap after
Heap after GC invocations=4 (full 1):
 PSYoungGen      total 68608K, used 4213K [0x00000000eab00000, 0x00000000f2b00000, 0x0000000100000000)
  eden space 63488K, 0% used [0x00000000eab00000,0x00000000eab00000,0x00000000ee900000)
  from space 5120K, 82% used [0x00000000ee900000,0x00000000eed1d430,0x00000000eee00000)
  to   space 5120K, 0% used [0x00000000f2600000,0x00000000f2600000,0x00000000f2b00000)
 ParOldGen       total 153088K, used 19490K [0x00000000c0000000, 0x00000000c9580000, 0x00000000eab00000)
  object space 153088K, 12% used [0x00000000c0000000,0x00000000c1308aa0,0x00000000c9580000)
 Metaspace       used 4306K, capacity 5424K, committed 5632K, reserved 1056768K
  class space    used 440K, capacity 488K, committed 512K, reserved 1048576K
}
Event: 0.939 GC heap before
{Heap before GC invocations=5 (full 1):
 PSYoungGen      total 68608K, used 67701K [0x00000000eab00000, 0x00000000f2b00000, 0x0000000100000000)
  eden space 63488K, 100% used [0x00000000eab00000,0x00000000ee900000,0x00000000ee900000)
  from space 5120K, 82% used [0x00000000ee900000,0x00000000eed1d430,0x00000000eee00000)
  to   space 5120K, 0% used [0x00000000f2600000,0x00000000f2600000,0x00000000f2b00000)
 ParOldGen       total 153088K, used 19490K [0x00000000c0000000, 0x00000000c9580000, 0x00000000eab00000)
  object space 153088K, 12% used [0x00000000c0000000,0x00000000c1308aa0,0x00000000c9580000)
 Metaspace       used 4320K, capacity 5424K, committed 5632K, reserved 1056768K
  class space    used 441K, capacity 488K, committed 512K, reserved 1048576K
Event: 0.943 GC heap after
Heap after GC invocations=5 (full 1):
 PSYoungGen      total 123904K, used 4000K [0x00000000eab00000, 0x00000000f2a00000, 0x0000000100000000)
  eden space 119808K, 0% used [0x00000000eab00000,0x00000000eab00000,0x00000000f2000000)
  from space 4096K, 97% used [0x00000000f2600000,0x00000000f29e8018,0x00000000f2a00000)
  to   space 5120K, 0% used [0x00000000f2000000,0x00000000f2000000,0x00000000f2500000)
 ParOldGen       total 153088K, used 19754K [0x00000000c0000000, 0x00000000c9580000, 0x00000000eab00000)
  object space 153088K, 12% used [0x00000000c0000000,0x00000000c134aab8,0x00000000c9580000)
 Metaspace       used 4320K, capacity 5424K, committed 5632K, reserved 1056768K
  class space    used 441K, capacity 488K, committed 512K, reserved 1048576K
}
Event: 1.278 GC heap before
{Heap before GC invocations=6 (full 1):
 PSYoungGen      total 123904K, used 123808K [0x00000000eab00000, 0x00000000f2a00000, 0x0000000100000000)
  eden space 119808K, 100% used [0x00000000eab00000,0x00000000f2000000,0x00000000f2000000)
  from space 4096K, 97% used [0x00000000f2600000,0x00000000f29e8018,0x00000000f2a00000)
  to   space 5120K, 0% used [0x00000000f2000000,0x00000000f2000000,0x00000000f2500000)
 ParOldGen       total 153088K, used 19754K [0x00000000c0000000, 0x00000000c9580000, 0x00000000eab00000)
  object space 153088K, 12% used [0x00000000c0000000,0x00000000c134aab8,0x00000000c9580000)
 Metaspace       used 4657K, capacity 5424K, committed 5632K, reserved 1056768K
  class space    used 474K, capacity 488K, committed 512K, reserved 1048576K

