# JRE version: OpenJDK Runtime Environment (8.0_91-b14) (build 1.8.0_91-8u91-b14-0ubuntu4~14.04-b14)
# Java VM: OpenJDK 64-Bit Server VM (25.91-b14 mixed mode linux-amd64 compressed oops)
Heap:
 PSYoungGen      total 119296K, used 5095K [0x00000000eab00000, 0x00000000f2580000, 0x0000000100000000)
  eden space 114176K, 0% used [0x00000000eab00000,0x00000000eab00000,0x00000000f1a80000)
  from space 5120K, 99% used [0x00000000f1b80000,0x00000000f2079fb0,0x00000000f2080000)
  to   space 4096K, 0% used [0x00000000f2180000,0x00000000f2180000,0x00000000f2580000)
 ParOldGen       total 153600K, used 28471K [0x00000000c0000000, 0x00000000c9600000, 0x00000000eab00000)
  object space 153600K, 18% used [0x00000000c0000000,0x00000000c1bcdca8,0x00000000c9600000)
 Metaspace       used 4662K, capacity 5424K, committed 5632K, reserved 1056768K
  class space    used 474K, capacity 488K, committed 512K, reserved 1048576K
GC Heap History (10 events):
Event: 0.145 GC heap after
Heap after GC invocations=1 (full 0):
 PSYoungGen      total 36864K, used 5108K [0x00000000eab00000, 0x00000000ef300000, 0x0000000100000000)
  eden space 31744K, 0% used [0x00000000eab00000,0x00000000eab00000,0x00000000eca00000)
  from space 5120K, 99% used [0x00000000eca00000,0x00000000ecefd2f0,0x00000000ecf00000)
  to   space 5120K, 0% used [0x00000000eee00000,0x00000000eee00000,0x00000000ef300000)
 ParOldGen       total 84992K, used 3837K [0x00000000c0000000, 0x00000000c5300000, 0x00000000eab00000)
  object space 84992K, 4% used [0x00000000c0000000,0x00000000c03bf410,0x00000000c5300000)
 Metaspace       used 3450K, capacity 4720K, committed 4864K, reserved 1056768K
  class space    used 359K, capacity 424K, committed 512K, reserved 1048576K
}
Event: 0.238 GC heap before
{Heap before GC invocations=2 (full 0):
 PSYoungGen      total 36864K, used 36852K [0x00000000eab00000, 0x00000000ef300000, 0x0000000100000000)
  eden space 31744K, 100% used [0x00000000eab00000,0x00000000eca00000,0x00000000eca00000)
  from space 5120K, 99% used [0x00000000eca00000,0x00000000ecefd2f0,0x00000000ecf00000)
  to   space 5120K, 0% used [0x00000000eee00000,0x00000000eee00000,0x00000000ef300000)
 ParOldGen       total 84992K, used 3837K [0x00000000c0000000, 0x00000000c5300000, 0x00000000eab00000)
  object space 84992K, 4% used [0x00000000c0000000,0x00000000c03bf410,0x00000000c5300000)
 Metaspace       used 3741K, capacity 4944K, committed 5120K, reserved 1056768K
  class space    used 388K, capacity 456K, committed 512K, reserved 1048576K
Event: 0.264 GC heap after
Heap after GC invocations=2 (full 0):
 PSYoungGen      total 68608K, used 5117K [0x00000000eab00000, 0x00000000ef300000, 0x0000000100000000)
  eden space 63488K, 0% used [0x00000000eab00000,0x00000000eab00000,0x00000000ee900000)
  from space 5120K, 99% used [0x00000000eee00000,0x00000000ef2ff7b0,0x00000000ef300000)
  to   space 5120K, 0% used [0x00000000ee900000,0x00000000ee900000,0x00000000eee00000)
 ParOldGen       total 84992K, used 83112K [0x00000000c0000000, 0x00000000c5300000, 0x00000000eab00000)
  object space 84992K, 97% used [0x00000000c0000000,0x00000000c512a110,0x00000000c5300000)
 Metaspace       used 3741K, capacity 4944K, committed 5120K, reserved 1056768K
  class space    used 388K, capacity 456K, committed 512K, reserved 1048576K
}
Event: 0.264 GC heap before
{Heap before GC invocations=3 (full 1):
 PSYoungGen      total 68608K, used 5117K [0x00000000eab00000, 0x00000000ef300000, 0x0000000100000000)
  eden space 63488K, 0% used [0x00000000eab00000,0x00000000eab00000,0x00000000ee900000)
  from space 5120K, 99% used [0x00000000eee00000,0x00000000ef2ff7b0,0x00000000ef300000)
  to   space 5120K, 0% used [0x00000000ee900000,0x00000000ee900000,0x00000000eee00000)
 ParOldGen       total 84992K, used 83112K [0x00000000c0000000, 0x00000000c5300000, 0x00000000eab00000)
  object space 84992K, 97% used [0x00000000c0000000,0x00000000c512a110,0x00000000c5300000)
 Metaspace       used 3741K, capacity 4944K, committed 5120K, reserved 1056768K
  class space    used 388K, capacity 456K, committed 512K, reserved 1048576K
Event: 0.269 GC heap after
Heap after GC invocations=3 (full 1):
 PSYoungGen      total 68608K, used 0K [0x00000000eab00000, 0x00000000ef300000, 0x0000000100000000)
  eden space 63488K, 0% used [0x00000000eab00000,0x00000000eab00000,0x00000000ee900000)
  from space 5120K, 0% used [0x00000000eee00000,0x00000000eee00000,0x00000000ef300000)
  to   space 5120K, 0% used [0x00000000ee900000,0x00000000ee900000,0x00000000eee00000)
 ParOldGen       total 153600K, used 19425K [0x00000000c0000000, 0x00000000c9600000, 0x00000000eab00000)
  object space 153600K, 12% used [0x00000000c0000000,0x00000000c12f8458,0x00000000c9600000)
 Metaspace       used 3741K, capacity 4944K, committed 5120K, reserved 1056768K
  class space    used 388K, capacity 456K, committed 512K, reserved 1048576K
}
Event: 0.697 GC heap before
{Heap before GC invocations=4 (full 1):
 PSYoungGen      total 68608K, used 63488K [0x00000000eab00000, 0x00000000ef300000, 0x0000000100000000)
  eden space 63488K, 100% used [0x00000000eab00000,0x00000000ee900000,0x00000000ee900000)
  from space 5120K, 0% used [0x00000000eee00000,0x00000000eee00000,0x00000000ef300000)
  to   space 5120K, 0% used [0x00000000ee900000,0x00000000ee900000,0x00000000eee00000)
 ParOldGen       total 153600K, used 19425K [0x00000000c0000000, 0x00000000c9600000, 0x00000000eab00000)
  object space 153600K, 12% used [0x00000000c0000000,0x00000000c12f8458,0x00000000c9600000)
 Metaspace       used 4313K, capacity 5424K, committed 5632K, reserved 1056768K
  class space    used 441K, capacity 488K, committed 512K, reserved 1048576K
Event: 0.702 GC heap after
Heap after GC invocations=4 (full 1):
 PSYoungGen      total 68608K, used 4147K [0x00000000eab00000, 0x00000000f2680000, 0x0000000100000000)
  eden space 63488K, 0% used [0x00000000eab00000,0x00000000eab00000,0x00000000ee900000)
  from space 5120K, 81% used [0x00000000ee900000,0x00000000eed0cdb0,0x00000000eee00000)
  to   space 5120K, 0% used [0x00000000f2180000,0x00000000f2180000,0x00000000f2680000)
 ParOldGen       total 153600K, used 19433K [0x00000000c0000000, 0x00000000c9600000, 0x00000000eab00000)
  object space 153600K, 12% used [0x00000000c0000000,0x00000000c12fa458,0x00000000c9600000)
 Metaspace       used 4313K, capacity 5424K, committed 5632K, reserved 1056768K
  class space    used 441K, capacity 488K, committed 512K, reserved 1048576K
}
Event: 0.850 GC heap before
{Heap before GC invocations=5 (full 1):
 PSYoungGen      total 68608K, used 67635K [0x00000000eab00000, 0x00000000f2680000, 0x0000000100000000)
  eden space 63488K, 100% used [0x00000000eab00000,0x00000000ee900000,0x00000000ee900000)
  from space 5120K, 81% used [0x00000000ee900000,0x00000000eed0cdb0,0x00000000eee00000)
  to   space 5120K, 0% used [0x00000000f2180000,0x00000000f2180000,0x00000000f2680000)
 ParOldGen       total 153600K, used 19433K [0x00000000c0000000, 0x00000000c9600000, 0x00000000eab00000)
  object space 153600K, 12% used [0x00000000c0000000,0x00000000c12fa458,0x00000000c9600000)
 Metaspace       used 4331K, capacity 5424K, committed 5632K, reserved 1056768K
  class space    used 441K, capacity 488K, committed 512K, reserved 1048576K
Event: 0.854 GC heap after
Heap after GC invocations=5 (full 1):
 PSYoungGen      total 118272K, used 3934K [0x00000000eab00000, 0x00000000f2580000, 0x0000000100000000)
  eden space 114176K, 0% used [0x00000000eab00000,0x00000000eab00000,0x00000000f1a80000)
  from space 4096K, 96% used [0x00000000f2180000,0x00000000f2557998,0x00000000f2580000)
  to   space 5120K, 0% used [0x00000000f1b80000,0x00000000f1b80000,0x00000000f2080000)
 ParOldGen       total 153600K, used 19697K [0x00000000c0000000, 0x00000000c9600000, 0x00000000eab00000)
  object space 153600K, 12% used [0x00000000c0000000,0x00000000c133c470,0x00000000c9600000)
 Metaspace       used 4331K, capacity 5424K, committed 5632K, reserved 1056768K
  class space    used 441K, capacity 488K, committed 512K, reserved 1048576K
}
Event: 1.233 GC heap before
{Heap before GC invocations=6 (full 1):
 PSYoungGen      total 118272K, used 118110K [0x00000000eab00000, 0x00000000f2580000, 0x0000000100000000)
  eden space 114176K, 100% used [0x00000000eab00000,0x00000000f1a80000,0x00000000f1a80000)
  from space 4096K, 96% used [0x00000000f2180000,0x00000000f2557998,0x00000000f2580000)
  to   space 5120K, 0% used [0x00000000f1b80000,0x00000000f1b80000,0x00000000f2080000)
 ParOldGen       total 153600K, used 19697K [0x00000000c0000000, 0x00000000c9600000, 0x00000000eab00000)
  object space 153600K, 12% used [0x00000000c0000000,0x00000000c133c470,0x00000000c9600000)
 Metaspace       used 4662K, capacity 5424K, committed 5632K, reserved 1056768K
  class space    used 474K, capacity 488K, committed 512K, reserved 1048576K

