# JRE version: OpenJDK Runtime Environment (8.0_91-b14) (build 1.8.0_91-8u91-b14-0ubuntu4~14.04-b14)
# Java VM: OpenJDK 64-Bit Server VM (25.91-b14 mixed mode linux-amd64 compressed oops)
Heap:
 PSYoungGen      total 115200K, used 5088K [0x00000000eab00000, 0x00000000f2080000, 0x0000000100000000)
  eden space 110080K, 0% used [0x00000000eab00000,0x00000000eab00000,0x00000000f1680000)
  from space 5120K, 99% used [0x00000000f1680000,0x00000000f1b78040,0x00000000f1b80000)
  to   space 4608K, 0% used [0x00000000f1c00000,0x00000000f1c00000,0x00000000f2080000)
 ParOldGen       total 139264K, used 27629K [0x00000000c0000000, 0x00000000c8800000, 0x00000000eab00000)
  object space 139264K, 19% used [0x00000000c0000000,0x00000000c1afb4f0,0x00000000c8800000)
 Metaspace       used 4661K, capacity 5424K, committed 5632K, reserved 1056768K
  class space    used 474K, capacity 488K, committed 512K, reserved 1048576K
GC Heap History (10 events):
Event: 0.138 GC heap after
Heap after GC invocations=1 (full 0):
 PSYoungGen      total 36864K, used 5105K [0x00000000eab00000, 0x00000000ef300000, 0x0000000100000000)
  eden space 31744K, 0% used [0x00000000eab00000,0x00000000eab00000,0x00000000eca00000)
  from space 5120K, 99% used [0x00000000eca00000,0x00000000ecefc490,0x00000000ecf00000)
  to   space 5120K, 0% used [0x00000000eee00000,0x00000000eee00000,0x00000000ef300000)
 ParOldGen       total 84992K, used 3833K [0x00000000c0000000, 0x00000000c5300000, 0x00000000eab00000)
  object space 84992K, 4% used [0x00000000c0000000,0x00000000c03be450,0x00000000c5300000)
 Metaspace       used 3450K, capacity 4720K, committed 4864K, reserved 1056768K
  class space    used 359K, capacity 424K, committed 512K, reserved 1048576K
}
Event: 0.237 GC heap before
{Heap before GC invocations=2 (full 0):
 PSYoungGen      total 36864K, used 36849K [0x00000000eab00000, 0x00000000ef300000, 0x0000000100000000)
  eden space 31744K, 100% used [0x00000000eab00000,0x00000000eca00000,0x00000000eca00000)
  from space 5120K, 99% used [0x00000000eca00000,0x00000000ecefc490,0x00000000ecf00000)
  to   space 5120K, 0% used [0x00000000eee00000,0x00000000eee00000,0x00000000ef300000)
 ParOldGen       total 84992K, used 3833K [0x00000000c0000000, 0x00000000c5300000, 0x00000000eab00000)
  object space 84992K, 4% used [0x00000000c0000000,0x00000000c03be450,0x00000000c5300000)
 Metaspace       used 3738K, capacity 4944K, committed 5120K, reserved 1056768K
  class space    used 388K, capacity 456K, committed 512K, reserved 1048576K
Event: 0.259 GC heap after
Heap after GC invocations=2 (full 0):
 PSYoungGen      total 68608K, used 5101K [0x00000000eab00000, 0x00000000ef300000, 0x0000000100000000)
  eden space 63488K, 0% used [0x00000000eab00000,0x00000000eab00000,0x00000000ee900000)
  from space 5120K, 99% used [0x00000000eee00000,0x00000000ef2fb7d8,0x00000000ef300000)
  to   space 5120K, 0% used [0x00000000ee900000,0x00000000ee900000,0x00000000eee00000)
 ParOldGen       total 84992K, used 70127K [0x00000000c0000000, 0x00000000c5300000, 0x00000000eab00000)
  object space 84992K, 82% used [0x00000000c0000000,0x00000000c447bdd0,0x00000000c5300000)
 Metaspace       used 3738K, capacity 4944K, committed 5120K, reserved 1056768K
  class space    used 388K, capacity 456K, committed 512K, reserved 1048576K
}
Event: 0.259 GC heap before
{Heap before GC invocations=3 (full 1):
 PSYoungGen      total 68608K, used 5101K [0x00000000eab00000, 0x00000000ef300000, 0x0000000100000000)
  eden space 63488K, 0% used [0x00000000eab00000,0x00000000eab00000,0x00000000ee900000)
  from space 5120K, 99% used [0x00000000eee00000,0x00000000ef2fb7d8,0x00000000ef300000)
  to   space 5120K, 0% used [0x00000000ee900000,0x00000000ee900000,0x00000000eee00000)
 ParOldGen       total 84992K, used 70127K [0x00000000c0000000, 0x00000000c5300000, 0x00000000eab00000)
  object space 84992K, 82% used [0x00000000c0000000,0x00000000c447bdd0,0x00000000c5300000)
 Metaspace       used 3738K, capacity 4944K, committed 5120K, reserved 1056768K
  class space    used 388K, capacity 456K, committed 512K, reserved 1048576K
Event: 0.266 GC heap after
Heap after GC invocations=3 (full 1):
 PSYoungGen      total 68608K, used 0K [0x00000000eab00000, 0x00000000ef300000, 0x0000000100000000)
  eden space 63488K, 0% used [0x00000000eab00000,0x00000000eab00000,0x00000000ee900000)
  from space 5120K, 0% used [0x00000000eee00000,0x00000000eee00000,0x00000000ef300000)
  to   space 5120K, 0% used [0x00000000ee900000,0x00000000ee900000,0x00000000eee00000)
 ParOldGen       total 139264K, used 18573K [0x00000000c0000000, 0x00000000c8800000, 0x00000000eab00000)
  object space 139264K, 13% used [0x00000000c0000000,0x00000000c12237f0,0x00000000c8800000)
 Metaspace       used 3738K, capacity 4944K, committed 5120K, reserved 1056768K
  class space    used 388K, capacity 456K, committed 512K, reserved 1048576K
}
Event: 0.685 GC heap before
{Heap before GC invocations=4 (full 1):
 PSYoungGen      total 68608K, used 63488K [0x00000000eab00000, 0x00000000ef300000, 0x0000000100000000)
  eden space 63488K, 100% used [0x00000000eab00000,0x00000000ee900000,0x00000000ee900000)
  from space 5120K, 0% used [0x00000000eee00000,0x00000000eee00000,0x00000000ef300000)
  to   space 5120K, 0% used [0x00000000ee900000,0x00000000ee900000,0x00000000eee00000)
 ParOldGen       total 139264K, used 18573K [0x00000000c0000000, 0x00000000c8800000, 0x00000000eab00000)
  object space 139264K, 13% used [0x00000000c0000000,0x00000000c12237f0,0x00000000c8800000)
 Metaspace       used 4313K, capacity 5424K, committed 5632K, reserved 1056768K
  class space    used 441K, capacity 488K, committed 512K, reserved 1048576K
Event: 0.691 GC heap after
Heap after GC invocations=4 (full 1):
 PSYoungGen      total 68608K, used 3957K [0x00000000eab00000, 0x00000000f2100000, 0x0000000100000000)
  eden space 63488K, 0% used [0x00000000eab00000,0x00000000eab00000,0x00000000ee900000)
  from space 5120K, 77% used [0x00000000ee900000,0x00000000eecdd418,0x00000000eee00000)
  to   space 5120K, 0% used [0x00000000f1c00000,0x00000000f1c00000,0x00000000f2100000)
 ParOldGen       total 139264K, used 18838K [0x00000000c0000000, 0x00000000c8800000, 0x00000000eab00000)
  object space 139264K, 13% used [0x00000000c0000000,0x00000000c1265808,0x00000000c8800000)
 Metaspace       used 4313K, capacity 5424K, committed 5632K, reserved 1056768K
  class space    used 441K, capacity 488K, committed 512K, reserved 1048576K
}
Event: 0.835 GC heap before
{Heap before GC invocations=5 (full 1):
 PSYoungGen      total 68608K, used 67445K [0x00000000eab00000, 0x00000000f2100000, 0x0000000100000000)
  eden space 63488K, 100% used [0x00000000eab00000,0x00000000ee900000,0x00000000ee900000)
  from space 5120K, 77% used [0x00000000ee900000,0x00000000eecdd418,0x00000000eee00000)
  to   space 5120K, 0% used [0x00000000f1c00000,0x00000000f1c00000,0x00000000f2100000)
 ParOldGen       total 139264K, used 18838K [0x00000000c0000000, 0x00000000c8800000, 0x00000000eab00000)
  object space 139264K, 13% used [0x00000000c0000000,0x00000000c1265808,0x00000000c8800000)
 Metaspace       used 4330K, capacity 5424K, committed 5632K, reserved 1056768K
  class space    used 441K, capacity 488K, committed 512K, reserved 1048576K
Event: 0.846 GC heap after
Heap after GC invocations=5 (full 1):
 PSYoungGen      total 114688K, used 3680K [0x00000000eab00000, 0x00000000f2080000, 0x0000000100000000)
  eden space 110080K, 0% used [0x00000000eab00000,0x00000000eab00000,0x00000000f1680000)
  from space 4608K, 79% used [0x00000000f1c00000,0x00000000f1f98000,0x00000000f2080000)
  to   space 5120K, 0% used [0x00000000f1680000,0x00000000f1680000,0x00000000f1b80000)
 ParOldGen       total 139264K, used 18846K [0x00000000c0000000, 0x00000000c8800000, 0x00000000eab00000)
  object space 139264K, 13% used [0x00000000c0000000,0x00000000c1267808,0x00000000c8800000)
 Metaspace       used 4330K, capacity 5424K, committed 5632K, reserved 1056768K
  class space    used 441K, capacity 488K, committed 512K, reserved 1048576K
}
Event: 2.001 GC heap before
{Heap before GC invocations=6 (full 1):
 PSYoungGen      total 114688K, used 113760K [0x00000000eab00000, 0x00000000f2080000, 0x0000000100000000)
  eden space 110080K, 100% used [0x00000000eab00000,0x00000000f1680000,0x00000000f1680000)
  from space 4608K, 79% used [0x00000000f1c00000,0x00000000f1f98000,0x00000000f2080000)
  to   space 5120K, 0% used [0x00000000f1680000,0x00000000f1680000,0x00000000f1b80000)
 ParOldGen       total 139264K, used 18846K [0x00000000c0000000, 0x00000000c8800000, 0x00000000eab00000)
  object space 139264K, 13% used [0x00000000c0000000,0x00000000c1267808,0x00000000c8800000)
 Metaspace       used 4661K, capacity 5424K, committed 5632K, reserved 1056768K
  class space    used 474K, capacity 488K, committed 512K, reserved 1048576K

